0 info it worked if it ends with ok
1 verbose cli [ '/usr/bin/node', '/usr/bin/npm', 'install', 'node@12' ]
2 info using npm@3.5.2
3 info using node@v8.10.0
4 silly loadCurrentTree Starting
5 silly install loadCurrentTree
6 silly install readLocalPackageData
7 silly fetchPackageMetaData node@12
8 silly fetchNamedPackageData node
9 silly mapToRegistry name node
10 silly mapToRegistry using default registry
11 silly mapToRegistry registry https://registry.npmjs.org/
12 silly mapToRegistry uri https://registry.npmjs.org/node
13 verbose request uri https://registry.npmjs.org/node
14 verbose request no auth needed
15 info attempt registry request try #1 at 8:17:52 PM
16 verbose request id 2e8ea315c8f04c5b
17 verbose etag W/"83946c2b177e5e3e85e46c99d3370909"
18 verbose lastModified Thu, 21 Nov 2024 00:33:58 GMT
19 http request GET https://registry.npmjs.org/node
20 http 304 https://registry.npmjs.org/node
21 verbose headers { date: 'Sat, 30 Nov 2024 20:17:52 GMT',
21 verbose headers   connection: 'keep-alive',
21 verbose headers   'cf-ray': '8ead86010a36c9ad-IAD',
21 verbose headers   'cf-cache-status': 'HIT',
21 verbose headers   'access-control-allow-origin': '*',
21 verbose headers   age: '261',
21 verbose headers   'cache-control': 'public, max-age=300',
21 verbose headers   etag: '"83946c2b177e5e3e85e46c99d3370909"',
21 verbose headers   'last-modified': 'Thu, 21 Nov 2024 00:33:58 GMT',
21 verbose headers   vary: 'Accept-Encoding',
21 verbose headers   server: 'cloudflare' }
22 silly get cb [ 304,
22 silly get   { date: 'Sat, 30 Nov 2024 20:17:52 GMT',
22 silly get     connection: 'keep-alive',
22 silly get     'cf-ray': '8ead86010a36c9ad-IAD',
22 silly get     'cf-cache-status': 'HIT',
22 silly get     'access-control-allow-origin': '*',
22 silly get     age: '261',
22 silly get     'cache-control': 'public, max-age=300',
22 silly get     etag: '"83946c2b177e5e3e85e46c99d3370909"',
22 silly get     'last-modified': 'Thu, 21 Nov 2024 00:33:58 GMT',
22 silly get     vary: 'Accept-Encoding',
22 silly get     server: 'cloudflare' } ]
23 verbose etag https://registry.npmjs.org/node from cache
24 verbose get saving node to /root/.npm/registry.npmjs.org/node/.cache.json
25 silly install normalizeTree
26 silly loadCurrentTree Finishing
27 silly loadIdealTree Starting
28 silly install loadIdealTree
29 silly cloneCurrentTree Starting
30 silly install cloneCurrentTreeToIdealTree
31 silly cloneCurrentTree Finishing
32 silly loadShrinkwrap Starting
33 silly install loadShrinkwrap
34 silly loadShrinkwrap Finishing
35 silly loadAllDepsIntoIdealTree Starting
36 silly install loadAllDepsIntoIdealTree
37 silly resolveWithNewModule node@12.22.12 checking installable status
38 silly cache add args [ 'node@12', null ]
39 verbose cache add spec node@12
40 silly cache add parsed spec Result {
40 silly cache add   raw: 'node@12',
40 silly cache add   scope: null,
40 silly cache add   name: 'node',
40 silly cache add   rawSpec: '12',
40 silly cache add   spec: '>=12.0.0 <13.0.0',
40 silly cache add   type: 'range' }
41 silly addNamed node@>=12.0.0 <13.0.0
42 verbose addNamed ">=12.0.0 <13.0.0" is a valid semver range for node
43 silly addNameRange { name: 'node', range: '>=12.0.0 <13.0.0', hasData: false }
44 silly mapToRegistry name node
45 silly mapToRegistry using default registry
46 silly mapToRegistry registry https://registry.npmjs.org/
47 silly mapToRegistry uri https://registry.npmjs.org/node
48 verbose addNameRange registry:https://registry.npmjs.org/node not in flight; fetching
49 verbose get https://registry.npmjs.org/node not expired, no request
50 silly addNameRange number 2 { name: 'node', range: '>=12.0.0 <13.0.0', hasData: true }
51 silly addNameRange versions [ 'node',
51 silly addNameRange   [ '0.0.0',
51 silly addNameRange     '0.1.14',
51 silly addNameRange     '0.1.15',
51 silly addNameRange     '0.1.16',
51 silly addNameRange     '0.1.17',
51 silly addNameRange     '0.1.18',
51 silly addNameRange     '0.1.19',
51 silly addNameRange     '0.1.20',
51 silly addNameRange     '0.1.21',
51 silly addNameRange     '0.1.22',
51 silly addNameRange     '0.1.23',
51 silly addNameRange     '0.1.24',
51 silly addNameRange     '0.1.25',
51 silly addNameRange     '0.1.26',
51 silly addNameRange     '0.1.27',
51 silly addNameRange     '0.1.28',
51 silly addNameRange     '0.1.29',
51 silly addNameRange     '0.1.30',
51 silly addNameRange     '0.1.31',
51 silly addNameRange     '0.1.32',
51 silly addNameRange     '0.1.33',
51 silly addNameRange     '0.1.90',
51 silly addNameRange     '0.1.91',
51 silly addNameRange     '0.1.92',
51 silly addNameRange     '0.1.93',
51 silly addNameRange     '0.1.94',
51 silly addNameRange     '0.1.95',
51 silly addNameRange     '0.1.96',
51 silly addNameRange     '0.1.97',
51 silly addNameRange     '0.1.98',
51 silly addNameRange     '0.1.99',
51 silly addNameRange     '0.1.100',
51 silly addNameRange     '0.1.101',
51 silly addNameRange     '0.1.102',
51 silly addNameRange     '0.1.103',
51 silly addNameRange     '0.1.104',
51 silly addNameRange     '0.2.0',
51 silly addNameRange     '0.2.1',
51 silly addNameRange     '0.2.2',
51 silly addNameRange     '0.2.3',
51 silly addNameRange     '0.2.4',
51 silly addNameRange     '0.2.5',
51 silly addNameRange     '0.2.6',
51 silly addNameRange     '0.3.0',
51 silly addNameRange     '0.3.1',
51 silly addNameRange     '0.3.2',
51 silly addNameRange     '0.3.3',
51 silly addNameRange     '0.3.4',
51 silly addNameRange     '0.3.5',
51 silly addNameRange     '0.3.6',
51 silly addNameRange     '0.3.7',
51 silly addNameRange     '0.3.8',
51 silly addNameRange     '0.4.0',
51 silly addNameRange     '0.4.1',
51 silly addNameRange     '0.4.2',
51 silly addNameRange     '0.4.3',
51 silly addNameRange     '0.4.4',
51 silly addNameRange     '0.4.5',
51 silly addNameRange     '0.4.6',
51 silly addNameRange     '0.4.7',
51 silly addNameRange     '0.4.8',
51 silly addNameRange     '0.4.9',
51 silly addNameRange     '0.4.10',
51 silly addNameRange     '0.4.11',
51 silly addNameRange     '0.4.12',
51 silly addNameRange     '0.5.0',
51 silly addNameRange     '0.5.1',
51 silly addNameRange     '0.5.2',
51 silly addNameRange     '0.5.3',
51 silly addNameRange     '0.5.4',
51 silly addNameRange     '0.5.5',
51 silly addNameRange     '0.5.6',
51 silly addNameRange     '0.5.7',
51 silly addNameRange     '0.5.8',
51 silly addNameRange     '0.5.9',
51 silly addNameRange     '0.5.10',
51 silly addNameRange     '0.6.0',
51 silly addNameRange     '0.6.1',
51 silly addNameRange     '0.6.2',
51 silly addNameRange     '0.6.3',
51 silly addNameRange     '0.6.4',
51 silly addNameRange     '0.6.5',
51 silly addNameRange     '0.6.6',
51 silly addNameRange     '0.6.7',
51 silly addNameRange     '0.6.8',
51 silly addNameRange     '0.6.9',
51 silly addNameRange     '0.6.10',
51 silly addNameRange     '0.6.11',
51 silly addNameRange     '0.6.12',
51 silly addNameRange     '0.6.13',
51 silly addNameRange     '0.6.14',
51 silly addNameRange     '0.6.15',
51 silly addNameRange     '0.6.16',
51 silly addNameRange     '0.6.17',
51 silly addNameRange     '0.6.18',
51 silly addNameRange     '0.6.19',
51 silly addNameRange     '0.6.20',
51 silly addNameRange     '0.6.21',
51 silly addNameRange     '0.7.0',
51 silly addNameRange     '0.7.1',
51 silly addNameRange     ... 632 more items ] ]
52 silly addNamed node@12.22.12
53 verbose addNamed "12.22.12" is a plain semver version for node
54 silly mapToRegistry name node
55 silly mapToRegistry using default registry
56 silly mapToRegistry registry https://registry.npmjs.org/
57 silly mapToRegistry uri https://registry.npmjs.org/node
58 verbose addRemoteTarball https://registry.npmjs.org/node/-/node-12.22.12.tgz not in flight; adding
59 verbose addRemoteTarball [ 'https://registry.npmjs.org/node/-/node-12.22.12.tgz',
59 verbose addRemoteTarball   'fc3f2f64b43d4c4bea46b25196e53c256c8447fc' ]
60 info retry fetch attempt 1 at 8:17:54 PM
61 info attempt registry request try #1 at 8:17:54 PM
62 http fetch GET https://registry.npmjs.org/node/-/node-12.22.12.tgz
63 http fetch 200 https://registry.npmjs.org/node/-/node-12.22.12.tgz
64 silly fetchAndShaCheck shasum fc3f2f64b43d4c4bea46b25196e53c256c8447fc
65 verbose addTmpTarball /tmp/npm-6113-babc0df8/registry.npmjs.org/node/-/node-12.22.12.tgz not in flight; adding
66 verbose addTmpTarball already have metadata; skipping unpack for node@12.22.12
67 silly cache afterAdd node@12.22.12
68 verbose afterAdd /root/.npm/node/12.22.12/package/package.json not in flight; writing
69 verbose afterAdd /root/.npm/node/12.22.12/package/package.json written
70 silly fetchNamedPackageData node-bin-setup
71 silly mapToRegistry name node-bin-setup
72 silly mapToRegistry using default registry
73 silly mapToRegistry registry https://registry.npmjs.org/
74 silly mapToRegistry uri https://registry.npmjs.org/node-bin-setup
75 verbose request uri https://registry.npmjs.org/node-bin-setup
76 verbose request no auth needed
77 info attempt registry request try #1 at 8:17:54 PM
78 http request GET https://registry.npmjs.org/node-bin-setup
79 http 200 https://registry.npmjs.org/node-bin-setup
80 verbose headers { date: 'Sat, 30 Nov 2024 20:17:54 GMT',
80 verbose headers   'content-type': 'application/json',
80 verbose headers   'transfer-encoding': 'chunked',
80 verbose headers   connection: 'keep-alive',
80 verbose headers   'cf-ray': '8ead860cda51c9ad-IAD',
80 verbose headers   'cf-cache-status': 'HIT',
80 verbose headers   'access-control-allow-origin': '*',
80 verbose headers   age: '250',
80 verbose headers   'cache-control': 'public, max-age=300',
80 verbose headers   etag: 'W/"67f10d7a17cb1d436d86a0b4492f9e5f"',
80 verbose headers   'last-modified': 'Tue, 04 Oct 2022 03:46:18 GMT',
80 verbose headers   vary: 'accept-encoding, accept',
80 verbose headers   server: 'cloudflare',
80 verbose headers   'content-encoding': 'gzip' }
81 silly get cb [ 200,
81 silly get   { date: 'Sat, 30 Nov 2024 20:17:54 GMT',
81 silly get     'content-type': 'application/json',
81 silly get     'transfer-encoding': 'chunked',
81 silly get     connection: 'keep-alive',
81 silly get     'cf-ray': '8ead860cda51c9ad-IAD',
81 silly get     'cf-cache-status': 'HIT',
81 silly get     'access-control-allow-origin': '*',
81 silly get     age: '250',
81 silly get     'cache-control': 'public, max-age=300',
81 silly get     etag: 'W/"67f10d7a17cb1d436d86a0b4492f9e5f"',
81 silly get     'last-modified': 'Tue, 04 Oct 2022 03:46:18 GMT',
81 silly get     vary: 'accept-encoding, accept',
81 silly get     server: 'cloudflare',
81 silly get     'content-encoding': 'gzip' } ]
82 verbose get saving node-bin-setup to /root/.npm/registry.npmjs.org/node-bin-setup/.cache.json
83 silly resolveWithNewModule node-bin-setup@1.1.3 checking installable status
84 silly cache add args [ 'node-bin-setup@^1.0.0', null ]
85 verbose cache add spec node-bin-setup@^1.0.0
86 silly cache add parsed spec Result {
86 silly cache add   raw: 'node-bin-setup@^1.0.0',
86 silly cache add   scope: null,
86 silly cache add   name: 'node-bin-setup',
86 silly cache add   rawSpec: '^1.0.0',
86 silly cache add   spec: '>=1.0.0 <2.0.0',
86 silly cache add   type: 'range' }
87 silly addNamed node-bin-setup@>=1.0.0 <2.0.0
88 verbose addNamed ">=1.0.0 <2.0.0" is a valid semver range for node-bin-setup
89 silly addNameRange { name: 'node-bin-setup',
89 silly addNameRange   range: '>=1.0.0 <2.0.0',
89 silly addNameRange   hasData: false }
90 silly mapToRegistry name node-bin-setup
91 silly mapToRegistry using default registry
92 silly mapToRegistry registry https://registry.npmjs.org/
93 silly mapToRegistry uri https://registry.npmjs.org/node-bin-setup
94 verbose addNameRange registry:https://registry.npmjs.org/node-bin-setup not in flight; fetching
95 verbose get https://registry.npmjs.org/node-bin-setup not expired, no request
96 silly addNameRange number 2 { name: 'node-bin-setup',
96 silly addNameRange   range: '>=1.0.0 <2.0.0',
96 silly addNameRange   hasData: true }
97 silly addNameRange versions [ 'node-bin-setup',
97 silly addNameRange   [ '1.0.0',
97 silly addNameRange     '1.0.1',
97 silly addNameRange     '1.0.2',
97 silly addNameRange     '1.0.3',
97 silly addNameRange     '1.0.4',
97 silly addNameRange     '1.0.6',
97 silly addNameRange     '1.1.0',
97 silly addNameRange     '1.1.1',
97 silly addNameRange     '1.1.2',
97 silly addNameRange     '1.1.3' ] ]
98 silly addNamed node-bin-setup@1.1.3
99 verbose addNamed "1.1.3" is a plain semver version for node-bin-setup
100 silly mapToRegistry name node-bin-setup
101 silly mapToRegistry using default registry
102 silly mapToRegistry registry https://registry.npmjs.org/
103 silly mapToRegistry uri https://registry.npmjs.org/node-bin-setup
104 verbose addRemoteTarball https://registry.npmjs.org/node-bin-setup/-/node-bin-setup-1.1.3.tgz not in flight; adding
105 verbose addRemoteTarball [ 'https://registry.npmjs.org/node-bin-setup/-/node-bin-setup-1.1.3.tgz',
105 verbose addRemoteTarball   'd45d5220e3b2ecc3a94263a56116f727f6c1bb14' ]
106 info retry fetch attempt 1 at 8:17:54 PM
107 info attempt registry request try #1 at 8:17:54 PM
108 http fetch GET https://registry.npmjs.org/node-bin-setup/-/node-bin-setup-1.1.3.tgz
109 http fetch 200 https://registry.npmjs.org/node-bin-setup/-/node-bin-setup-1.1.3.tgz
110 silly fetchAndShaCheck shasum d45d5220e3b2ecc3a94263a56116f727f6c1bb14
111 verbose addTmpTarball /tmp/npm-6113-babc0df8/registry.npmjs.org/node-bin-setup/-/node-bin-setup-1.1.3.tgz not in flight; adding
112 verbose addTmpTarball already have metadata; skipping unpack for node-bin-setup@1.1.3
113 silly cache afterAdd node-bin-setup@1.1.3
114 verbose afterAdd /root/.npm/node-bin-setup/1.1.3/package/package.json not in flight; writing
115 verbose afterAdd /root/.npm/node-bin-setup/1.1.3/package/package.json written
116 silly loadAllDepsIntoIdealTree Finishing
117 silly idealTree:prePrune node_js_basics@1.0.0
117 silly idealTree:prePrune ├── node-bin-setup@1.1.3
117 silly idealTree:prePrune └── node@12.22.12
118 silly loadIdealTree Finishing
119 silly currentTree node_js_basics@1.0.0
120 silly idealTree node_js_basics@1.0.0
120 silly idealTree ├── node-bin-setup@1.1.3
120 silly idealTree └── node@12.22.12
121 silly generateActionsToTake Starting
122 silly install generateActionsToTake
123 silly generateActionsToTake Finishing
124 silly diffTrees action count 2
125 silly diffTrees add node-bin-setup@1.1.3
126 silly diffTrees add node@12.22.12
127 silly decomposeActions action count 16
128 silly decomposeActions fetch node-bin-setup@1.1.3
129 silly decomposeActions extract node-bin-setup@1.1.3
130 silly decomposeActions test node-bin-setup@1.1.3
131 silly decomposeActions preinstall node-bin-setup@1.1.3
132 silly decomposeActions build node-bin-setup@1.1.3
133 silly decomposeActions install node-bin-setup@1.1.3
134 silly decomposeActions postinstall node-bin-setup@1.1.3
135 silly decomposeActions finalize node-bin-setup@1.1.3
136 silly decomposeActions fetch node@12.22.12
137 silly decomposeActions extract node@12.22.12
138 silly decomposeActions test node@12.22.12
139 silly decomposeActions preinstall node@12.22.12
140 silly decomposeActions build node@12.22.12
141 silly decomposeActions install node@12.22.12
142 silly decomposeActions postinstall node@12.22.12
143 silly decomposeActions finalize node@12.22.12
144 silly executeActions Starting
145 silly install executeActions
146 silly doSerial global-install 0
147 silly doParallel fetch 2
148 verbose makeDirectory /root/.npm/_locks creation not in flight; initializing
149 silly makeDirectory /root/.npm/_locks uid: 0 gid: 0
150 verbose lock using /root/.npm/_locks/staging-e1663fc24b5944f0.lock for /alx-backend-javascript/0x05-Node_JS_basic/node_modules/.staging
151 silly doParallel extract 2
152 silly extract node-bin-setup@1.1.3
153 silly extract node@12.22.12
154 verbose unbuild node_modules/.staging/node-bin-setup-ac082c24
155 silly gentlyRm /alx-backend-javascript/0x05-Node_JS_basic/node_modules/.staging/node-bin-setup-ac082c24 is being purged from base /alx-backend-javascript/0x05-Node_JS_basic
156 verbose gentlyRm don't care about contents; nuking /alx-backend-javascript/0x05-Node_JS_basic/node_modules/.staging/node-bin-setup-ac082c24
157 verbose unbuild node_modules/.staging/node-27330702
158 verbose tar unpack /root/.npm/node-bin-setup/1.1.3/package.tgz
159 verbose tar unpacking to /alx-backend-javascript/0x05-Node_JS_basic/node_modules/.staging/node-bin-setup-ac082c24
160 silly gentlyRm /alx-backend-javascript/0x05-Node_JS_basic/node_modules/.staging/node-bin-setup-ac082c24 is being purged
161 verbose gentlyRm don't care about contents; nuking /alx-backend-javascript/0x05-Node_JS_basic/node_modules/.staging/node-bin-setup-ac082c24
162 silly gunzTarPerm modes [ '755', '644' ]
163 silly gentlyRm /alx-backend-javascript/0x05-Node_JS_basic/node_modules/.staging/node-27330702 is being purged from base /alx-backend-javascript/0x05-Node_JS_basic
164 verbose gentlyRm don't care about contents; nuking /alx-backend-javascript/0x05-Node_JS_basic/node_modules/.staging/node-27330702
165 verbose tar unpack /root/.npm/node/12.22.12/package.tgz
166 verbose tar unpacking to /alx-backend-javascript/0x05-Node_JS_basic/node_modules/.staging/node-27330702
167 silly gentlyRm /alx-backend-javascript/0x05-Node_JS_basic/node_modules/.staging/node-27330702 is being purged
168 verbose gentlyRm don't care about contents; nuking /alx-backend-javascript/0x05-Node_JS_basic/node_modules/.staging/node-27330702
169 silly gunzTarPerm modes [ '755', '644' ]
170 silly gunzTarPerm extractEntry index.js
171 silly gunzTarPerm extractEntry installArchSpecificPackage.js
172 silly gunzTarPerm extractEntry package.json
173 silly gunzTarPerm extractEntry .github/dependabot.yml
174 silly gunzTarPerm extractEntry package.json
175 silly gunzTarPerm extractEntry README.md
176 silly gentlyRm /alx-backend-javascript/0x05-Node_JS_basic/node_modules/.staging/node-bin-setup-ac082c24/node_modules is being purged
177 verbose gentlyRm don't care about contents; nuking /alx-backend-javascript/0x05-Node_JS_basic/node_modules/.staging/node-bin-setup-ac082c24/node_modules
178 silly gentlyRm /alx-backend-javascript/0x05-Node_JS_basic/node_modules/.staging/node-27330702/node_modules is being purged
179 verbose gentlyRm don't care about contents; nuking /alx-backend-javascript/0x05-Node_JS_basic/node_modules/.staging/node-27330702/node_modules
180 silly doParallel preinstall 2
181 silly preinstall node-bin-setup@1.1.3 /alx-backend-javascript/0x05-Node_JS_basic/node_modules/.staging/node-bin-setup-ac082c24
182 info lifecycle node-bin-setup@1.1.3~preinstall: node-bin-setup@1.1.3
183 silly preinstall node@12.22.12 /alx-backend-javascript/0x05-Node_JS_basic/node_modules/.staging/node-27330702
184 info lifecycle node@12.22.12~preinstall: node@12.22.12
185 silly lifecycle node-bin-setup@1.1.3~preinstall: no script for preinstall, continuing
186 warn lifecycle node@12.22.12~preinstall: cannot run in wd %s %s (wd=%s) node@12.22.12 node installArchSpecificPackage /alx-backend-javascript/0x05-Node_JS_basic/node_modules/.staging/node-27330702
187 silly doReverseSerial remove 0
188 silly doSerial move 0
189 silly doSerial finalize 2
190 silly finalize /alx-backend-javascript/0x05-Node_JS_basic/node_modules/node-bin-setup
191 silly finalize /alx-backend-javascript/0x05-Node_JS_basic/node_modules/node
192 silly doSerial build 2
193 silly build node-bin-setup@1.1.3
194 info linkStuff node-bin-setup@1.1.3
195 silly linkStuff node-bin-setup@1.1.3 has /alx-backend-javascript/0x05-Node_JS_basic/node_modules as its parent node_modules
196 verbose linkBins node-bin-setup@1.1.3
197 verbose linkMans node-bin-setup@1.1.3
198 silly build node@12.22.12
199 info linkStuff node@12.22.12
200 silly linkStuff node@12.22.12 has /alx-backend-javascript/0x05-Node_JS_basic/node_modules as its parent node_modules
201 verbose linkBins node@12.22.12
202 verbose link bins [ { node: 'bin/node' },
202 verbose link bins   '/alx-backend-javascript/0x05-Node_JS_basic/node_modules/.bin',
202 verbose link bins   false ]
203 verbose linkMans node@12.22.12
204 verbose unlock done using /root/.npm/_locks/staging-e1663fc24b5944f0.lock for /alx-backend-javascript/0x05-Node_JS_basic/node_modules/.staging
205 silly rollbackFailedOptional Starting
206 silly rollbackFailedOptional Finishing
207 silly runTopLevelLifecycles Starting
208 silly runTopLevelLifecycles Finishing
209 silly install printInstalled
210 warn node_js_basics@1.0.0 No repository field.
211 verbose stack Error: ENOENT: no such file or directory, chmod '/alx-backend-javascript/0x05-Node_JS_basic/node_modules/node/bin/node'
212 verbose cwd /alx-backend-javascript/0x05-Node_JS_basic
213 error Linux 5.3.0-1032-aws
214 error argv "/usr/bin/node" "/usr/bin/npm" "install" "node@12"
215 error node v8.10.0
216 error npm  v3.5.2
217 error path /alx-backend-javascript/0x05-Node_JS_basic/node_modules/node/bin/node
218 error code ENOENT
219 error errno -2
220 error syscall chmod
221 error enoent ENOENT: no such file or directory, chmod '/alx-backend-javascript/0x05-Node_JS_basic/node_modules/node/bin/node'
222 error enoent ENOENT: no such file or directory, chmod '/alx-backend-javascript/0x05-Node_JS_basic/node_modules/node/bin/node'
222 error enoent This is most likely not a problem with npm itself
222 error enoent and is related to npm not being able to find a file.
223 verbose exit [ -2, true ]
